2016-05-16 11:16:03,150 - __main__ - INFO - usb thread is starting
2016-05-16 11:30:24,293 - __main__ - INFO - usb thread is starting
2016-05-16 11:30:25,298 - __main__ - INFO - usb thread is starting
2016-05-16 11:44:57,597 - __main__ - INFO - serial thread is starting
2016-05-16 11:46:39,764 - __main__ - INFO - serial thread is starting
2016-05-16 11:47:30,868 - __main__ - INFO - serial thread is starting
2016-05-16 11:48:02,607 - __main__ - INFO - serial thread is starting
2016-05-16 11:50:30,834 - __main__ - INFO - serial thread is starting
2016-05-16 11:52:29,773 - __main__ - INFO - serial thread is starting
2016-05-16 12:03:03,970 - __main__ - INFO - serial thread is starting
2016-05-16 12:04:55,291 - __main__ - INFO - serial thread is starting
2016-05-16 12:06:40,947 - Serial listener thread - INFO - serial thread is starting
2016-05-16 12:06:44,695 - Serial listener thread - INFO - Read card B5399931660230719^SAFOUANE DAGHSEN          ^1904621117670000000000485000000?;5399931660230719=1904
2016-05-16 15:46:10,940 - Serial listener thread - INFO - serial thread is starting
2016-05-16 15:51:57,910 - Serial listener thread - INFO - serial thread is starting
2016-05-16 15:52:15,777 - Serial listener thread - INFO - serial thread is starting
2016-05-16 16:54:08,603 - Serial listener thread - INFO - Read card B5399931660230719^SAFOUANE DAGHSEN          ^1904621117670000000000485000000?;5399931660230719=1904
2016-05-16 16:54:11,568 - Serial listener thread - INFO - Read card %B5399931660230719^SAFOUANE DAGHSEN          ^1904621117670000000000485000000?;5399931660230719=190
2016-06-15 11:38:01,645 - Serial listener thread - INFO - serial thread is starting
2016-06-15 11:38:23,813 - Serial listener thread - INFO - Read card IDTPPMSR320
%B5399931660230719^SAFOUANE DAGHSEN          ^1904621117670000000000485000000?;53999316
2016-06-15 11:38:35,071 - Serial listener thread - INFO - Read card %E?;E?
%B5399931660230719^SAFOUANE DAGHSEN          ^1904621117670000000000485000000?;5399931660230

2016-06-15 12:23:09,143 - Serial listener thread - INFO - serial thread is starting
2016-06-15 12:23:27,620 - Serial listener thread - INFO - Read card IDTPPMSR320
%E?;E?
%B5399931660230719^SAFOUANE DAGHSEN          ^1904621117670000000000485000000?;5
2016-06-15 12:58:33,103 - Serial listener thread - INFO - serial thread is starting
2016-06-16 00:40:17,152 - Serial listener thread - INFO - serial thread is starting
2016-06-16 00:40:32,876 - Serial listener thread - INFO - serial thread is starting
2016-06-16 00:40:34,427 - Serial listener thread - INFO - serial thread is starting
